[2021-03-23 21:55:30.5212] [INFO] Авторизационная форма успешно инициализированна
[2021-03-23 21:55:30.6961] [INFO] Запущена основная форма авторизации
[2021-03-23 21:56:21.6800] [INFO] Нажата кнопка входа
[2021-03-23 21:56:22.4882] [INFO] Основная форма успешно инициализированна
[2021-03-23 21:56:22.5272] [INFO] Запущена отработка запуска основной формы
[2021-03-23 21:56:22.5565] [INFO] Авторизация успешно пройдена
[2021-03-23 21:56:28.0211] [INFO] Запущена форма настроек пользователя
[2021-03-23 21:56:31.7009] [INFO] Формы работы с пользователями успешно инициализирована
[2021-03-23 21:56:31.7638] [INFO] Начало обновления данных пользовтелей
[2021-03-23 21:56:31.7736] [INFO] Запущена отработка запуска формы работы с пользователями
[2021-03-23 21:56:32.2714] [INFO] Успешное обновление данных пользовтелей
[2021-03-23 21:56:34.0670] [INFO] Форма работы с пользователем успешно инициализирована
[2021-03-23 21:56:34.1080] [INFO] Запущена отработка запуска формы работы с пользователем
[2021-03-23 21:56:34.4535] [INFO] Начало заполнения ролей пользователя
[2021-03-23 21:56:34.4691] [INFO] Успешное заполнение ролей пользователя
[2021-03-23 21:56:34.4749] [INFO] Вход в добавление пользователя
[2021-03-23 21:56:35.3705] [INFO] Запущена форма добавления пользователя
[2021-03-23 21:56:36.0244] [INFO] Форма работы с пользователем успешно инициализирована
[2021-03-23 21:56:36.0605] [INFO] Запущена отработка запуска формы работы с пользователем
[2021-03-23 21:56:36.4091] [INFO] Начало заполнения ролей пользователя
[2021-03-23 21:56:36.4169] [INFO] Успешное заполнение ролей пользователя
[2021-03-23 21:56:36.4169] [INFO] Вход в изменение пользователя
[2021-03-23 21:56:36.4305] [INFO] Начало заполнения полей пользователя
[2021-03-23 21:56:36.4305] [INFO] Успешное заполнение полей пользователя
[2021-03-23 21:56:37.3233] [INFO] Запущена форма изменения пользователя
[2021-03-23 21:56:39.0860] [INFO] Запущена форма удаления пользователя
[2021-03-23 21:56:48.6648] [INFO] Запущена форма работы с пользователями
[2021-03-23 21:57:01.0482] [INFO] Формы работы с пользователями успешно инициализирована
[2021-03-23 21:57:01.0805] [INFO] Начало обновления данных пользовтелей
[2021-03-23 21:57:01.0873] [INFO] Запущена отработка запуска формы работы с пользователями
[2021-03-23 21:57:01.6826] [INFO] Успешное обновление данных пользовтелей
[2021-03-23 21:57:03.8793] [INFO] Запущена форма работы с пользователями
[2021-03-23 21:57:04.8326] [INFO] Формы работы с пользователями успешно инициализирована
[2021-03-23 21:57:04.8634] [INFO] Начало обновления данных пользовтелей
[2021-03-23 21:57:04.8682] [INFO] Запущена отработка запуска формы работы с пользователями
[2021-03-23 21:57:05.4812] [INFO] Успешное обновление данных пользовтелей
[2021-03-23 21:57:05.9522] [INFO] Запущена форма работы с пользователями
[2021-03-23 21:57:07.8996] [INFO] Запущен выход из учетной записи
[2021-03-23 21:57:08.1446] [INFO] Авторизационная форма успешно инициализированна
[2021-03-23 21:57:08.1983] [INFO] Запущена основная форма авторизации
[2021-03-23 21:57:08.2324] [INFO] Успешный выход из программы
[2021-03-23 21:57:08.2412] [INFO] Успешный выход из учетной записи
[2021-03-23 21:57:13.7897] [INFO] Нажата кнопка входа
[2021-03-23 21:57:14.1184] [ERROR] Не верный пароль
[2021-03-23 21:57:16.4260] [INFO] Нажата кнопка входа
[2021-03-23 21:57:16.7077] [INFO] Основная форма успешно инициализированна
[2021-03-23 21:57:16.7369] [INFO] Запущена отработка запуска основной формы
[2021-03-23 21:57:16.7565] [INFO] Авторизация успешно пройдена
[2021-03-23 21:57:19.2014] [INFO] Формы работы с пользователями успешно инициализирована
[2021-03-23 21:57:19.2404] [INFO] Начало обновления данных пользовтелей
[2021-03-23 21:57:19.2404] [INFO] Запущена отработка запуска формы работы с пользователями
[2021-03-23 21:57:20.2241] [INFO] Успешное обновление данных пользовтелей
[2021-03-23 21:57:36.2589] [INFO] Запущена форма работы с пользователями
[2021-03-23 21:57:38.6668] [INFO] Запущена форма обновления данных
[2021-03-23 21:57:40.4304] [INFO] Запущена форма информации о программе
[2021-03-23 21:57:42.0579] [INFO] Запущен выход из учетной записи
[2021-03-23 21:57:42.1730] [INFO] Авторизационная форма успешно инициализированна
[2021-03-23 21:57:42.2258] [INFO] Запущена основная форма авторизации
[2021-03-23 21:57:42.2541] [INFO] Успешный выход из программы
[2021-03-23 21:57:42.2628] [INFO] Успешный выход из учетной записи
