[2021-01-12 03:10:24.1278] [INFO] Авторизационная форма успешно инициализированна
[2021-01-12 03:10:24.2305] [INFO] Запущена основная форма авторизации
[2021-01-12 03:10:29.3796] [INFO] Нажата кнопка входа
[2021-01-12 03:10:36.3014] [INFO] Основная форма успешно инициализированна
[2021-01-12 03:10:36.3473] [INFO] Запущена отработка запуска основной формы
[2021-01-12 03:10:36.3872] [INFO] Авторизация успешно пройдена
[2021-01-12 03:11:21.8290] [INFO] Запущен выход из учетной записи
[2021-01-12 03:11:22.0384] [INFO] Авторизационная форма успешно инициализированна
[2021-01-12 03:11:22.1162] [INFO] Запущена основная форма авторизации
[2021-01-12 03:11:22.1541] [INFO] Успешный выход из программы
[2021-01-12 03:11:22.1661] [INFO] Успешный выход из учетной записи
[2021-01-12 03:11:28.1754] [INFO] Нажата кнопка входа
[2021-01-12 03:11:28.4077] [INFO] Основная форма успешно инициализированна
[2021-01-12 03:11:28.4357] [INFO] Запущена отработка запуска основной формы
[2021-01-12 03:11:28.4586] [INFO] Авторизация успешно пройдена
[2021-01-12 03:11:32.1596] [INFO] Запущен выход из учетной записи
[2021-01-12 03:11:32.2513] [INFO] Авторизационная форма успешно инициализированна
[2021-01-12 03:11:32.3052] [INFO] Запущена основная форма авторизации
[2021-01-12 03:11:32.3391] [INFO] Успешный выход из программы
[2021-01-12 03:11:32.3530] [INFO] Успешный выход из учетной записи
[2021-01-12 03:15:54.7330] [INFO] Авторизационная форма успешно инициализированна
[2021-01-12 03:15:54.8557] [INFO] Запущена основная форма авторизации
[2021-01-12 03:16:00.9500] [INFO] Нажата кнопка входа
[2021-01-12 03:16:03.4493] [INFO] Основная форма успешно инициализированна
[2021-01-12 03:16:03.4922] [INFO] Запущена отработка запуска основной формы
[2021-01-12 03:16:03.5171] [INFO] Авторизация успешно пройдена
[2021-01-12 03:16:05.2432] [INFO] Формы работы с пользователями успешно инициализирована
[2021-01-12 03:16:05.2761] [INFO] Начало обновления данных пользовтелей
[2021-01-12 03:16:05.2761] [INFO] Запущена отработка запуска формы работы с пользователями
[2021-01-12 03:16:05.6425] [INFO] Успешное обновление данных пользовтелей
[2021-01-12 03:16:07.2776] [INFO] Форма работы с пользователем успешно инициализирована
[2021-01-12 03:16:07.3304] [INFO] Запущена отработка запуска формы работы с пользователем
[2021-01-12 03:16:07.5608] [INFO] Начало заполнения ролей пользователя
[2021-01-12 03:16:07.5798] [INFO] Успешное заполнение ролей пользователя
[2021-01-12 03:16:07.5877] [INFO] Вход в изменение пользователя
[2021-01-12 03:16:07.6017] [INFO] Начало заполнения полей пользователя
[2021-01-12 03:16:07.6017] [INFO] Успешное заполнение полей пользователя
[2021-01-12 03:16:10.2219] [INFO] Начало заполнения новых данных пользователя
[2021-01-12 03:16:10.2319] [INFO] Успешное заполнение новых данных пользователя
[2021-01-12 03:16:10.2549] [INFO] Начало изменения пользователя GubanovKN
[2021-01-12 03:16:10.2942] [INFO] Запущена форма изменения пользователя
[2021-01-12 03:16:10.5705] [INFO] Начало обновления данных пользовтелей
[2021-01-12 03:16:10.8348] [INFO] Успешное обновление данных пользовтелей
[2021-01-12 03:16:10.8428] [INFO] Успешное изменение пользователя GubanovKN
[2021-01-12 03:16:12.2884] [INFO] Запущена форма работы с пользователями
[2021-01-12 03:16:13.3462] [INFO] Запущен выход из учетной записи
[2021-01-12 03:16:13.4430] [INFO] Авторизационная форма успешно инициализированна
[2021-01-12 03:16:13.5088] [INFO] Запущена основная форма авторизации
[2021-01-12 03:16:13.5417] [INFO] Успешный выход из программы
[2021-01-12 03:16:13.5417] [INFO] Успешный выход из учетной записи
[2021-01-12 03:16:20.4672] [INFO] Нажата кнопка входа
[2021-01-12 03:16:20.6606] [INFO] Основная форма успешно инициализированна
[2021-01-12 03:16:20.6945] [INFO] Запущена отработка запуска основной формы
[2021-01-12 03:16:20.7165] [INFO] Авторизация успешно пройдена
[2021-01-12 03:45:30.9578] [INFO] Авторизационная форма успешно инициализированна
[2021-01-12 03:45:31.0735] [INFO] Запущена основная форма авторизации
[2021-01-12 03:45:39.4049] [INFO] Нажата кнопка входа
[2021-01-12 03:45:42.9520] [INFO] Основная форма успешно инициализированна
[2021-01-12 03:45:42.9949] [INFO] Запущена отработка запуска основной формы
[2021-01-12 03:45:43.0198] [INFO] Авторизация успешно пройдена
[2021-01-12 03:45:45.8718] [INFO] Запущен выход из учетной записи
[2021-01-12 03:45:46.0792] [INFO] Авторизационная форма успешно инициализированна
[2021-01-12 03:45:46.1411] [INFO] Запущена основная форма авторизации
[2021-01-12 03:45:46.1720] [INFO] Успешный выход из программы
[2021-01-12 03:45:46.1820] [INFO] Успешный выход из учетной записи
[2021-01-12 03:45:49.7930] [INFO] Нажата кнопка входа
[2021-01-12 03:45:50.1474] [INFO] Основная форма успешно инициализированна
[2021-01-12 03:45:50.1793] [INFO] Запущена отработка запуска основной формы
[2021-01-12 03:45:50.2042] [INFO] Авторизация успешно пройдена
[2021-01-12 03:46:23.2648] [INFO] Авторизационная форма успешно инициализированна
[2021-01-12 03:46:23.3596] [INFO] Запущена основная форма авторизации
[2021-01-12 03:46:27.2141] [INFO] Нажата кнопка входа
[2021-01-12 03:46:30.4725] [INFO] Основная форма успешно инициализированна
[2021-01-12 03:46:30.5154] [INFO] Запущена отработка запуска основной формы
[2021-01-12 03:46:30.5563] [INFO] Авторизация успешно пройдена
[2021-01-12 03:46:36.5756] [INFO] Формы работы с пользователями успешно инициализирована
[2021-01-12 03:46:36.6175] [INFO] Начало обновления данных пользовтелей
[2021-01-12 03:46:36.6335] [INFO] Запущена отработка запуска формы работы с пользователями
[2021-01-12 03:46:37.5830] [INFO] Успешное обновление данных пользовтелей
[2021-01-12 03:47:10.1816] [INFO] Запущена форма работы с пользователями
[2021-01-12 03:47:11.0672] [INFO] Запущен выход из учетной записи
[2021-01-12 03:47:11.2447] [INFO] Авторизационная форма успешно инициализированна
[2021-01-12 03:47:11.3045] [INFO] Запущена основная форма авторизации
[2021-01-12 03:47:11.3414] [INFO] Успешный выход из программы
[2021-01-12 03:47:11.3534] [INFO] Успешный выход из учетной записи
[2021-01-12 04:01:47.9162] [INFO] Авторизационная форма успешно инициализированна
[2021-01-12 04:01:48.0239] [INFO] Запущена основная форма авторизации
[2021-01-12 04:01:53.2725] [INFO] Нажата кнопка входа
[2021-01-12 04:01:57.2209] [INFO] Основная форма успешно инициализированна
[2021-01-12 04:01:57.2837] [INFO] Запущена отработка запуска основной формы
[2021-01-12 04:01:57.3336] [INFO] Авторизация успешно пройдена
[2021-01-12 04:01:59.3929] [INFO] Формы работы с пользователями успешно инициализирована
[2021-01-12 04:01:59.4239] [INFO] Начало обновления данных пользовтелей
[2021-01-12 04:01:59.4328] [INFO] Запущена отработка запуска формы работы с пользователями
[2021-01-12 04:02:00.3908] [INFO] Успешное обновление данных пользовтелей
[2021-01-12 04:02:02.3675] [INFO] Форма работы с пользователем успешно инициализирована
[2021-01-12 04:02:02.4253] [INFO] Запущена отработка запуска формы работы с пользователем
[2021-01-12 04:02:02.8188] [INFO] Начало заполнения ролей пользователя
[2021-01-12 04:02:02.8318] [INFO] Успешное заполнение ролей пользователя
[2021-01-12 04:02:02.8388] [INFO] Вход в изменение пользователя
[2021-01-12 04:02:02.8388] [INFO] Начало заполнения полей пользователя
[2021-01-12 04:02:02.8617] [INFO] Успешное заполнение полей пользователя
[2021-01-12 04:02:04.9228] [INFO] Начало заполнения новых данных пользователя
[2021-01-12 04:02:04.9307] [INFO] Успешное заполнение новых данных пользователя
[2021-01-12 04:02:04.9547] [INFO] Начало изменения пользователя GubanovKN
[2021-01-12 04:02:04.9826] [INFO] Запущена форма изменения пользователя
[2021-01-12 04:02:05.6381] [INFO] Начало обновления данных пользовтелей
[2021-01-12 04:02:06.4402] [INFO] Успешное обновление данных пользовтелей
[2021-01-12 04:02:06.4502] [INFO] Успешное изменение пользователя GubanovKN
[2021-01-12 04:02:08.1133] [INFO] Запущена форма работы с пользователями
[2021-01-12 04:02:09.3087] [INFO] Запущен выход из учетной записи
[2021-01-12 04:02:09.4713] [INFO] Авторизационная форма успешно инициализированна
[2021-01-12 04:02:09.5441] [INFO] Запущена основная форма авторизации
[2021-01-12 04:02:09.5831] [INFO] Успешный выход из программы
[2021-01-12 04:02:09.5920] [INFO] Успешный выход из учетной записи
[2021-01-12 04:02:14.3376] [INFO] Нажата кнопка входа
[2021-01-12 04:02:14.7037] [INFO] Основная форма успешно инициализированна
[2021-01-12 04:02:14.7336] [INFO] Запущена отработка запуска основной формы
[2021-01-12 04:02:14.7545] [INFO] Авторизация успешно пройдена
[2021-01-12 04:02:16.4665] [INFO] Формы работы с пользователями успешно инициализирована
[2021-01-12 04:02:16.4929] [INFO] Начало обновления данных пользовтелей
[2021-01-12 04:02:16.4929] [INFO] Запущена отработка запуска формы работы с пользователями
[2021-01-12 04:02:17.2180] [INFO] Успешное обновление данных пользовтелей
[2021-01-12 04:02:49.5932] [INFO] Запущена форма работы с пользователями
[2021-01-12 04:02:50.5535] [INFO] Запущен выход из учетной записи
[2021-01-12 04:02:50.7031] [INFO] Авторизационная форма успешно инициализированна
[2021-01-12 04:02:50.7400] [INFO] Запущена основная форма авторизации
[2021-01-12 04:02:50.7729] [INFO] Успешный выход из программы
[2021-01-12 04:02:50.7829] [INFO] Успешный выход из учетной записи
[2021-01-12 14:10:28.7280] [INFO] Авторизационная форма успешно инициализированна
[2021-01-12 14:10:28.8537] [INFO] Запущена основная форма авторизации
[2021-01-12 14:10:37.5078] [INFO] Нажата кнопка входа
[2021-01-12 14:10:41.0404] [INFO] Основная форма успешно инициализированна
[2021-01-12 14:10:41.0833] [INFO] Запущена отработка запуска основной формы
[2021-01-12 14:10:41.1072] [INFO] Авторизация успешно пройдена
[2021-01-12 14:10:44.6463] [INFO] Формы работы с пользователями успешно инициализирована
[2021-01-12 14:10:44.6852] [INFO] Начало обновления данных пользовтелей
[2021-01-12 14:10:44.6961] [INFO] Запущена отработка запуска формы работы с пользователями
[2021-01-12 14:10:45.5552] [INFO] Успешное обновление данных пользовтелей
[2021-01-12 14:10:49.4817] [INFO] Запущена форма работы с пользователями
[2021-01-12 14:10:51.2375] [INFO] Формы работы с пользователями успешно инициализирована
[2021-01-12 14:10:51.2674] [INFO] Начало обновления данных пользовтелей
[2021-01-12 14:10:51.2773] [INFO] Запущена отработка запуска формы работы с пользователями
[2021-01-12 14:10:52.0217] [INFO] Успешное обновление данных пользовтелей
[2021-01-12 14:10:59.4362] [INFO] Форма работы с пользователем успешно инициализирована
[2021-01-12 14:10:59.4850] [INFO] Запущена отработка запуска формы работы с пользователем
[2021-01-12 14:10:59.8540] [INFO] Начало заполнения ролей пользователя
[2021-01-12 14:10:59.8540] [INFO] Успешное заполнение ролей пользователя
[2021-01-12 14:10:59.8776] [INFO] Вход в изменение пользователя
[2021-01-12 14:10:59.8926] [INFO] Начало заполнения полей пользователя
[2021-01-12 14:10:59.9075] [INFO] Успешное заполнение полей пользователя
[2021-01-12 14:11:08.5043] [INFO] Запущена форма изменения пользователя
[2021-01-12 14:11:10.2846] [INFO] Запущена форма работы с пользователями
[2021-01-12 14:11:13.6084] [INFO] Запущен выход из учетной записи
[2021-01-12 14:11:13.8108] [INFO] Авторизационная форма успешно инициализированна
[2021-01-12 14:11:13.8966] [INFO] Запущена основная форма авторизации
[2021-01-12 14:11:13.9315] [INFO] Успешный выход из программы
[2021-01-12 14:11:13.9315] [INFO] Успешный выход из учетной записи
[2021-01-12 14:11:19.5161] [INFO] Нажата кнопка входа
[2021-01-12 14:11:19.8183] [INFO] Основная форма успешно инициализированна
[2021-01-12 14:11:19.8452] [INFO] Запущена отработка запуска основной формы
[2021-01-12 14:11:19.8656] [INFO] Авторизация успешно пройдена
[2021-01-12 14:11:21.2225] [INFO] Формы работы с пользователями успешно инициализирована
[2021-01-12 14:11:21.2515] [INFO] Начало обновления данных пользовтелей
[2021-01-12 14:11:21.2594] [INFO] Запущена отработка запуска формы работы с пользователями
[2021-01-12 14:11:21.8060] [INFO] Успешное обновление данных пользовтелей
[2021-01-12 14:12:23.5912] [INFO] Запущена форма работы с пользователями
[2021-01-12 14:15:55.7063] [INFO] Формы работы с пользователями успешно инициализирована
[2021-01-12 14:15:55.7363] [INFO] Начало обновления данных пользовтелей
[2021-01-12 14:15:55.7462] [INFO] Запущена отработка запуска формы работы с пользователями
[2021-01-12 14:15:56.4785] [INFO] Успешное обновление данных пользовтелей
[2021-01-12 14:15:57.8495] [INFO] Запущена форма работы с пользователями
[2021-01-12 14:15:58.7161] [INFO] Запущен выход из учетной записи
[2021-01-12 14:15:58.8367] [INFO] Авторизационная форма успешно инициализированна
[2021-01-12 14:15:58.8796] [INFO] Запущена основная форма авторизации
[2021-01-12 14:15:58.9175] [INFO] Успешный выход из программы
[2021-01-12 14:15:58.9175] [INFO] Успешный выход из учетной записи
[2021-01-12 14:17:01.0347] [INFO] Авторизационная форма успешно инициализированна
[2021-01-12 14:17:01.2092] [INFO] Запущена основная форма авторизации
[2021-01-12 14:17:06.0407] [INFO] Нажата кнопка входа
[2021-01-12 14:17:13.3077] [INFO] Основная форма успешно инициализированна
[2021-01-12 14:17:13.3506] [INFO] Запущена отработка запуска основной формы
[2021-01-12 14:17:13.3745] [INFO] Авторизация успешно пройдена
[2021-01-12 14:17:16.6352] [INFO] Успешный выход из программы
[2021-01-12 14:17:22.3371] [INFO] Авторизационная форма успешно инициализированна
[2021-01-12 14:17:22.4359] [INFO] Запущена основная форма авторизации
[2021-01-12 14:17:26.8188] [INFO] Нажата кнопка входа
[2021-01-12 14:17:30.2891] [INFO] Основная форма успешно инициализированна
[2021-01-12 14:17:30.3290] [INFO] Запущена отработка запуска основной формы
[2021-01-12 14:17:30.3639] [INFO] Авторизация успешно пройдена
[2021-01-12 14:17:36.6706] [INFO] Авторизационная форма успешно инициализированна
[2021-01-12 14:17:36.7783] [INFO] Запущена основная форма авторизации
[2021-01-12 14:17:41.2449] [INFO] Нажата кнопка входа
[2021-01-12 14:17:44.1969] [ERROR] Не верный пароль
[2021-01-12 14:17:48.7029] [INFO] Нажата кнопка входа
[2021-01-12 14:17:49.2729] [ERROR] Превышено количество сессий
[2021-01-12 14:17:50.9299] [INFO] Форма удаления сессий успешно инициализированна
[2021-01-12 14:17:51.2142] [INFO] Успешное отображение сессий
[2021-01-12 14:17:51.2291] [INFO] Форма удаления сессий успешно запущена
[2021-01-12 14:18:04.5489] [INFO] Успешное отображение сессий
[2021-01-12 14:18:04.5618] [INFO] Удаление сессии успешно пройдено
[2021-01-12 14:18:08.4081] [INFO] Успешное отображение сессий
[2021-01-12 14:18:08.4211] [INFO] Удаление сессии успешно пройдено
