[2021-01-11 00:00:09.6707] [INFO] Авторизационная форма успешно инициализированна
[2021-01-11 00:00:09.7594] [INFO] Запущена основная форма авторизации
[2021-01-11 00:00:15.5485] [INFO] Авторизационная форма успешно инициализированна
[2021-01-11 00:00:15.7303] [INFO] Запущена основная форма авторизации
[2021-01-11 00:00:24.2622] [INFO] Нажата кнопка входа
[2021-01-11 00:00:26.8521] [ERROR] Необходимо обновить пароль
[2021-01-11 00:00:27.4252] [INFO] Формы обновления пароля успешно инициализирована
[2021-01-11 00:00:27.4468] [INFO] Запущена отработка запуска формы обновления пароля
[2021-01-11 00:00:32.0847] [INFO] Начато заполнение данных о новом пароле
[2021-01-11 00:00:32.1003] [INFO] Успешное заполнение данных о новом пароле
[2021-01-11 00:00:35.1736] [INFO] Нажата кнопка входа
[2021-01-11 00:00:35.5642] [INFO] Основная форма успешно инициализированна
[2021-01-11 00:00:35.5885] [INFO] Запущена отработка запуска основной формы
[2021-01-11 00:00:35.6074] [INFO] Авторизация успешно пройдена
[2021-01-11 00:00:38.2308] [INFO] Запущен выход из учетной записи
[2021-01-11 00:00:38.3778] [INFO] Авторизационная форма успешно инициализированна
[2021-01-11 00:00:38.4297] [INFO] Запущена основная форма авторизации
[2021-01-11 00:00:38.4468] [INFO] Успешный выход из программы
[2021-01-11 00:00:38.4468] [INFO] Успешный выход из учетной записи
[2021-01-11 00:01:00.3544] [INFO] Авторизационная форма успешно инициализированна
[2021-01-11 00:01:00.4822] [INFO] Запущена основная форма авторизации
[2021-01-11 00:01:04.3483] [INFO] Нажата кнопка входа
[2021-01-11 00:01:07.7720] [ERROR] Превышено количество сессий
[2021-01-11 00:01:09.0464] [INFO] Форма удаления сессий успешно инициализированна
[2021-01-11 00:01:09.4916] [INFO] Успешное отображение сессий
[2021-01-11 00:01:09.5003] [INFO] Форма удаления сессий успешно запущена
[2021-01-11 00:01:11.5532] [INFO] Успешное отображение сессий
[2021-01-11 00:01:11.5726] [INFO] Удаление сессии успешно пройдено
[2021-01-11 00:01:12.7696] [INFO] Успешное отображение сессий
[2021-01-11 00:01:12.7846] [INFO] Удаление сессии успешно пройдено
[2021-01-11 00:01:14.2060] [INFO] Успешное отображение сессий
[2021-01-11 00:01:14.2140] [INFO] Удаление сессии успешно пройдено
[2021-01-11 00:01:15.7574] [INFO] Успешное отображение сессий
[2021-01-11 00:01:15.7730] [INFO] Удаление сессии успешно пройдено
[2021-01-11 00:01:17.1126] [INFO] Успешное отображение сессий
[2021-01-11 00:01:17.1252] [INFO] Удаление сессии успешно пройдено
[2021-01-11 00:01:19.1875] [INFO] Успешное отображение сессий
[2021-01-11 00:01:19.1875] [INFO] Удаление сессии успешно пройдено
[2021-01-11 00:01:20.5954] [INFO] Успешное отображение сессий
[2021-01-11 00:01:20.6092] [INFO] Удаление сессии успешно пройдено
[2021-01-11 00:01:21.8181] [INFO] Успешное отображение сессий
[2021-01-11 00:01:21.8302] [INFO] Удаление сессии успешно пройдено
[2021-01-11 00:01:23.5505] [INFO] Успешное отображение сессий
[2021-01-11 00:01:23.5756] [INFO] Удаление сессии успешно пройдено
[2021-01-11 00:01:24.6203] [INFO] Успешное отображение сессий
[2021-01-11 00:01:24.6437] [INFO] Удаление сессии успешно пройдено
[2021-01-11 00:01:25.7848] [INFO] Успешное отображение сессий
[2021-01-11 00:01:25.8075] [INFO] Удаление сессии успешно пройдено
[2021-01-11 00:01:26.9552] [INFO] Успешное отображение сессий
[2021-01-11 00:01:26.9767] [INFO] Удаление сессии успешно пройдено
[2021-01-11 00:06:23.2805] [INFO] Авторизационная форма успешно инициализированна
[2021-01-11 00:06:23.4156] [INFO] Запущена основная форма авторизации
[2021-01-11 00:06:27.3757] [INFO] Нажата кнопка входа
[2021-01-11 00:06:30.3848] [INFO] Основная форма успешно инициализированна
[2021-01-11 00:06:30.4138] [INFO] Запущена отработка запуска основной формы
[2021-01-11 00:06:30.4404] [INFO] Авторизация успешно пройдена
[2021-01-11 00:06:32.0318] [INFO] Формы работы с пользователями успешно инициализирована
[2021-01-11 00:06:32.0698] [INFO] Начало обновления данных пользовтелей
[2021-01-11 00:06:32.0698] [INFO] Запущена отработка запуска формы работы с пользователями
[2021-01-11 00:06:32.7472] [INFO] Успешное обновление данных пользовтелей
[2021-01-11 00:06:34.9812] [ERROR] Не корректный пользователь для изменения:
Нельзя изменять текущего пользователя и корневого администратора
[2021-01-11 00:06:36.1481] [INFO] Запущена форма изменения пользователя
[2021-01-11 00:06:37.4141] [ERROR] Не корректный пользователь для изменения:
Нельзя изменять текущего пользователя и корневого администратора
[2021-01-11 00:06:38.3858] [INFO] Запущена форма изменения пользователя
[2021-01-11 00:06:39.6359] [INFO] Запущена форма работы с пользователями
[2021-01-11 00:06:40.5638] [INFO] Запущен выход из учетной записи
[2021-01-11 00:06:40.7068] [INFO] Авторизационная форма успешно инициализированна
[2021-01-11 00:06:40.7766] [INFO] Запущена основная форма авторизации
[2021-01-11 00:06:40.7766] [INFO] Успешный выход из программы
[2021-01-11 00:06:40.7766] [INFO] Успешный выход из учетной записи
[2021-01-11 00:06:44.3457] [INFO] Нажата кнопка входа
[2021-01-11 00:06:44.6180] [INFO] Основная форма успешно инициализированна
[2021-01-11 00:06:44.6404] [INFO] Запущена отработка запуска основной формы
[2021-01-11 00:06:44.6582] [INFO] Авторизация успешно пройдена
[2021-01-11 00:06:46.0691] [INFO] Формы работы с пользователями успешно инициализирована
[2021-01-11 00:06:46.1018] [INFO] Начало обновления данных пользовтелей
[2021-01-11 00:06:46.1018] [INFO] Запущена отработка запуска формы работы с пользователями
[2021-01-11 00:06:46.7792] [INFO] Успешное обновление данных пользовтелей
[2021-01-11 00:06:48.0828] [INFO] Форма работы с пользователем успешно инициализирована
[2021-01-11 00:06:48.1128] [INFO] Запущена отработка запуска формы работы с пользователем
[2021-01-11 00:06:48.5305] [INFO] Начало заполнения ролей пользователя
[2021-01-11 00:06:48.5305] [INFO] Успешное заполнение ролей пользователя
[2021-01-11 00:06:48.5305] [INFO] Вход в изменение пользователя
[2021-01-11 00:06:48.5461] [INFO] Начало заполнения полей пользователя
[2021-01-11 00:06:48.5461] [INFO] Успешное заполнение полей пользователя
[2021-01-11 00:06:53.3265] [INFO] Начало заполнения новых данных пользователя
[2021-01-11 00:06:53.3421] [INFO] Успешное заполнение новых данных пользователя
[2021-01-11 00:06:53.3547] [INFO] Начало изменения пользователя GubanovKN
[2021-01-11 00:06:53.3547] [INFO] Запущена форма изменения пользователя
[2021-01-11 00:06:53.8813] [INFO] Начало обновления данных пользовтелей
[2021-01-11 00:06:54.3665] [INFO] Успешное обновление данных пользовтелей
[2021-01-11 00:06:54.3822] [INFO] Успешное изменение пользователя GubanovKN
[2021-01-11 00:06:55.3220] [INFO] Запущена форма работы с пользователями
[2021-01-11 00:06:56.1832] [INFO] Запущен выход из учетной записи
[2021-01-11 00:06:56.2988] [INFO] Авторизационная форма успешно инициализированна
[2021-01-11 00:06:56.3305] [INFO] Запущена основная форма авторизации
[2021-01-11 00:06:56.3429] [INFO] Успешный выход из программы
[2021-01-11 00:06:56.3553] [INFO] Успешный выход из учетной записи
[2021-01-11 00:07:01.1405] [INFO] Нажата кнопка входа
[2021-01-11 00:07:01.4030] [ERROR] Необходимо обновить пароль
[2021-01-11 00:07:02.7615] [INFO] Формы обновления пароля успешно инициализирована
[2021-01-11 00:07:02.7815] [INFO] Запущена отработка запуска формы обновления пароля
[2021-01-11 00:07:07.6788] [INFO] Начато заполнение данных о новом пароле
[2021-01-11 00:07:07.6788] [INFO] Успешное заполнение данных о новом пароле
[2021-01-11 00:07:10.0829] [INFO] Нажата кнопка входа
[2021-01-11 00:07:10.2750] [INFO] Основная форма успешно инициализированна
[2021-01-11 00:07:10.2969] [INFO] Запущена отработка запуска основной формы
[2021-01-11 00:07:10.3132] [INFO] Авторизация успешно пройдена
[2021-01-11 00:07:22.3759] [INFO] Запущен выход из учетной записи
[2021-01-11 00:07:22.5062] [INFO] Авторизационная форма успешно инициализированна
[2021-01-11 00:07:22.5413] [INFO] Запущена основная форма авторизации
[2021-01-11 00:07:22.5553] [INFO] Успешный выход из программы
[2021-01-11 00:07:22.5553] [INFO] Успешный выход из учетной записи
