[2021-06-22 21:05:04.8511] [INFO] Авторизационная форма успешно инициализированна
[2021-06-22 21:05:04.9957] [INFO] Запущена основная форма авторизации
[2021-06-22 21:05:09.5356] [INFO] Нажата кнопка входа
[2021-06-22 21:05:24.2022] [ERROR] Не верный пароль
[2021-06-22 21:05:27.9035] [INFO] Нажата кнопка входа
[2021-06-22 21:05:28.6523] [ERROR] Превышено количество сессий
[2021-06-22 21:05:30.0806] [INFO] Форма удаления сессий успешно инициализированна
[2021-06-22 21:05:30.5797] [INFO] Успешное отображение сессий
[2021-06-22 21:05:30.5857] [INFO] Форма удаления сессий успешно запущена
[2021-06-22 21:05:32.7833] [INFO] Успешное отображение сессий
[2021-06-22 21:05:32.7883] [INFO] Удаление сессии успешно пройдено
[2021-06-22 21:05:34.3931] [INFO] Успешное отображение сессий
[2021-06-22 21:05:34.3990] [INFO] Удаление сессии успешно пройдено
[2021-06-22 21:05:37.7547] [INFO] Нажата кнопка входа
[2021-06-22 21:05:38.2783] [INFO] Основная форма успешно инициализированна
[2021-06-22 21:05:38.3107] [INFO] Запущена отработка запуска основной формы
[2021-06-22 21:05:38.3267] [INFO] Авторизация успешно пройдена
[2021-06-22 21:05:41.3053] [INFO] Формы работы с пользователями успешно инициализирована
[2021-06-22 21:05:41.3332] [INFO] Начало обновления данных пользовтелей
[2021-06-22 21:05:41.3332] [INFO] Запущена отработка запуска формы работы с пользователями
[2021-06-22 21:05:42.3241] [INFO] Успешное обновление данных пользовтелей
[2021-06-22 21:05:43.3463] [INFO] Запущена форма работы с пользователями
[2021-06-22 21:05:44.0375] [INFO] Успешный выход из программы
